<?xml version="1.0" encoding="utf-8"?><testsuites name="pytest tests"><testsuite name="pytest" errors="0" failures="0" skipped="0" tests="189" time="73.717" timestamp="2026-07-12T02:29:35.269897+00:00" hostname="agent-env-1eb82a1d-e755-419a-9758-ce0d96cca86d"><testcase classname="tests.test_braids_api.TestAuth" name="test_login_customer" time="0.518" /><testcase classname="tests.test_braids_api.TestAuth" name="test_login_hairdresser" time="0.405" /><testcase classname="tests.test_braids_api.TestAuth" name="test_login_invalid" time="0.308" /><testcase classname="tests.test_braids_api.TestAuth" name="test_me" time="0.083" /><testcase classname="tests.test_braids_api.TestAuth" name="test_me_no_token" time="0.082" /><testcase classname="tests.test_braids_api.TestAuth" name="test_register_and_duplicate" time="0.375" /><testcase classname="tests.test_braids_api.TestAuth" name="test_register_hairdresser_creates_profile" time="0.357" /><testcase classname="tests.test_braids_api.TestAuth" name="test_plan_toggle" time="0.164" /><testcase classname="tests.test_braids_api.TestHairstyles" name="test_list" time="0.091" /><testcase classname="tests.test_braids_api.TestHairstyles" name="test_categories" time="0.074" /><testcase classname="tests.test_braids_api.TestHairstyles" name="test_get_by_id" time="0.174" /><testcase classname="tests.test_braids_api.TestHairstyles" name="test_get_by_id_404" time="0.099" /><testcase classname="tests.test_braids_api.TestHairstyles" name="test_hairdressers_for_style_gated_standard" time="0.155" /><testcase classname="tests.test_braids_api.TestHairstyles" name="test_hairdressers_for_style_unlimited" time="0.298" /><testcase classname="tests.test_braids_api.TestHairdresserDetail" name="test_detail_standard_blurred" time="0.531" /><testcase classname="tests.test_braids_api.TestHairdresserDetail" name="test_detail_404" time="0.064" /><testcase classname="tests.test_braids_api.TestSearch" name="test_search_no_auth_gated" time="0.149" /><testcase classname="tests.test_braids_api.TestSearch" name="test_search_with_category" time="0.072" /><testcase classname="tests.test_braids_api.TestSearch" name="test_search_min_rating" time="0.070" /><testcase classname="tests.test_braids_api.TestSearch" name="test_search_query" time="0.083" /><testcase classname="tests.test_braids_api.TestSlots" name="test_slots_returns_hours" time="0.215" /><testcase classname="tests.test_braids_api.TestBookingFlow" name="test_full_flow" time="1.298" /><testcase classname="tests.test_braids_api.TestBookingFlow" name="test_cancel" time="0.278" /><testcase classname="tests.test_braids_api.TestFavorites" name="test_favorites_flow" time="0.357" /><testcase classname="tests.test_braids_api.TestPortfolio" name="test_get_portfolio_me" time="0.071" /><testcase classname="tests.test_braids_api.TestPortfolio" name="test_add_and_delete" time="0.211" /><testcase classname="tests.test_braids_api.TestPortfolio" name="test_standard_plan_cap" time="2.292" /><testcase classname="tests.test_braids_api.TestAvailability" name="test_get_availability" time="0.075" /><testcase classname="tests.test_braids_api.TestAvailability" name="test_put_availability" time="0.281" /><testcase classname="tests.test_braids_api.TestNotifications" name="test_get_notifications" time="0.069" /><testcase classname="tests.test_braids_api.TestSeed" name="test_seed_idempotent" time="0.066" /><testcase classname="tests.test_iteration10.TestUngatedDiscovery" name="test_free_customer_sees_all_hairdressers" time="0.449" /><testcase classname="tests.test_iteration10.TestUngatedDiscovery" name="test_compare_endpoint_ungated" time="0.566" /><testcase classname="tests.test_iteration10.TestUngatedDiscovery" name="test_free_catalog_has_no_limits" time="0.065" /><testcase classname="tests.test_iteration10.TestBusinessHealth" name="test_metrics_shape" time="0.622" /><testcase classname="tests.test_iteration10.TestBusinessHealth" name="test_customer_blocked" time="0.356" /><testcase classname="tests.test_iteration10.TestBraiderDNA" name="test_dna_shape_and_labels" time="0.353" /><testcase classname="tests.test_iteration10.TestBraiderDNA" name="test_public_dna_endpoint" time="0.229" /><testcase classname="tests.test_iteration10.TestAIWaitlist" name="test_join_and_list" time="0.481" /><testcase classname="tests.test_iteration10.TestAIWaitlist" name="test_join_is_idempotent" time="0.498" /><testcase classname="tests.test_iteration10.TestAIWaitlist" name="test_reject_unknown_module" time="0.361" /><testcase classname="tests.test_iteration11_onboarding_trap" name="test_1_fresh_pro_onboarding_status_incomplete" time="0.355" /><testcase classname="tests.test_iteration11_onboarding_trap" name="test_2_complete_before_availability_returns_400" time="0.069" /><testcase classname="tests.test_iteration11_onboarding_trap" name="test_3_set_weekly_availability" time="0.069" /><testcase classname="tests.test_iteration11_onboarding_trap" name="test_4_status_shows_availability_after_set" time="1.100" /><testcase classname="tests.test_iteration11_onboarding_trap" name="test_5_onboarding_complete_success" time="0.075" /><testcase classname="tests.test_iteration11_onboarding_trap" name="test_6_status_reflects_completion" time="0.069" /><testcase classname="tests.test_iteration11_onboarding_trap" name="test_7_onboarding_complete_idempotent" time="0.072" /><testcase classname="tests.test_iteration11_onboarding_trap" name="test_8_persistence_across_login" time="0.380" /><testcase classname="tests.test_iteration11_onboarding_trap" name="test_9_regression_amara_completed" time="0.373" /><testcase classname="tests.test_iteration11_onboarding_trap" name="test_10_regression_other_seeded_pros_completed[zara@braids.demo]" time="0.367" /><testcase classname="tests.test_iteration11_onboarding_trap" name="test_10_regression_other_seeded_pros_completed[kenya@braids.demo]" time="0.368" /><testcase classname="tests.test_iteration11_onboarding_trap" name="test_10_regression_other_seeded_pros_completed[simone@braids.demo]" time="0.375" /><testcase classname="tests.test_iteration11_onboarding_trap" name="test_11_customer_cannot_complete_onboarding" time="0.351" /><testcase classname="tests.test_iteration12_delete_fix" name="test_hard_delete_removes_row_from_list" time="0.681" /><testcase classname="tests.test_iteration12_delete_fix" name="test_delete_nonexistent_returns_404" time="0.079" /><testcase classname="tests.test_iteration12_delete_fix" name="test_delete_by_customer_returns_403" time="0.356" /><testcase classname="tests.test_iteration12_delete_fix" name="test_delete_unauth_returns_401_or_403" time="0.066" /><testcase classname="tests.test_iteration12_studio" name="test_1_get_me_returns_profile" time="0.349" /><testcase classname="tests.test_iteration12_studio" name="test_2_studio_status_baseline" time="0.156" /><testcase classname="tests.test_iteration12_studio" name="test_3_create_service" time="0.158" /><testcase classname="tests.test_iteration12_studio" name="test_4_list_services_returns_new_fields" time="0.064" /><testcase classname="tests.test_iteration12_studio" name="test_5_studio_status_after_service_create" time="0.067" /><testcase classname="tests.test_iteration12_studio" name="test_6_toggle_service_active" time="0.151" /><testcase classname="tests.test_iteration12_studio" name="test_7_public_studio_services" time="0.071" /><testcase classname="tests.test_iteration12_studio" name="test_7b_public_studio_services_default_active_only" time="0.223" /><testcase classname="tests.test_iteration12_studio" name="test_8_delete_service" time="0.208" /><testcase classname="tests.test_iteration12_studio" name="test_9a_onboarding_status_regression" time="0.073" /><testcase classname="tests.test_iteration12_studio" name="test_9b_onboarding_complete_idempotent" time="0.065" /><testcase classname="tests.test_iteration12_studio" name="test_10_customer_forbidden_on_studio_status" time="0.400" /><testcase classname="tests.test_iteration12_studio" name="test_10b_customer_forbidden_on_me" time="0.069" /><testcase classname="tests.test_iteration12_studio" name="test_10c_unauth_forbidden_on_toggle" time="0.064" /><testcase classname="tests.test_iteration12_studio" name="test_zz_cleanup" time="0.067" /><testcase classname="tests.test_iteration2.TestFeaturedStylist" name="test_returns_approved_unlimited" time="0.066" /><testcase classname="tests.test_iteration2.TestFeaturedStylist" name="test_deterministic_rotation" time="0.141" /><testcase classname="tests.test_iteration2.TestBookingCode" name="test_booking_returns_valid_code" time="0.366" /><testcase classname="tests.test_iteration2.TestBookingCode" name="test_codes_unique_across_bookings" time="1.115" /><testcase classname="tests.test_iteration2.TestBookingCode" name="test_checkin_by_code_success" time="0.417" /><testcase classname="tests.test_iteration2.TestBookingCode" name="test_checkin_by_code_wrong_returns_404" time="0.078" /><testcase classname="tests.test_iteration2.TestBookingCode" name="test_checkin_by_code_wrong_user_returns_403" time="0.712" /><testcase classname="tests.test_iteration2.TestBookingCode" name="test_legacy_checkin_still_works" time="3.520" /><testcase classname="tests.test_iteration2.TestBookingCode" name="test_bookings_me_includes_code" time="1.609" /><testcase classname="tests.test_iteration2.TestVerification" name="test_submit_and_get_verification" time="0.448" /><testcase classname="tests.test_iteration2.TestVerification" name="test_pending_pro_verification_overdue" time="0.359" /><testcase classname="tests.test_iteration2.TestPendingProExclusion" name="test_pending_included_in_hairstyle_pros_iter3" time="1.887" /><testcase classname="tests.test_iteration2.TestPendingProExclusion" name="test_pending_included_in_search_iter3" time="0.492" /><testcase classname="tests.test_iteration2.TestPendingProExclusion" name="test_booking_against_pending_pro_now_allowed_iter3" time="0.585" /><testcase classname="tests.test_iteration2.TestAdmin" name="test_admin_list_verifications" time="0.376" /><testcase classname="tests.test_iteration2.TestAdmin" name="test_admin_filter_by_status" time="0.426" /><testcase classname="tests.test_iteration2.TestAdmin" name="test_admin_forbidden_for_non_admin" time="0.068" /><testcase classname="tests.test_iteration2.TestAdmin" name="test_admin_decide_approve_and_reject" time="1.011" /><testcase classname="tests.test_iteration2.TestPhonePrivacy" name="test_auth_me_returns_own_phone" time="0.360" /><testcase classname="tests.test_iteration2.TestPhonePrivacy" name="test_hairdresser_detail_no_phone" time="0.073" /><testcase classname="tests.test_iteration2.TestPhonePrivacy" name="test_search_results_no_phone" time="0.122" /><testcase classname="tests.test_iteration2.TestPhonePrivacy" name="test_hairstyle_hairdressers_no_phone" time="0.155" /><testcase classname="tests.test_iteration2.TestPhonePrivacy" name="test_booking_response_no_other_phone" time="0.296" /><testcase classname="tests.test_iteration2.TestRegisterSchema" name="test_register_admin_role_rejected" time="0.060" /><testcase classname="tests.test_iteration2.TestSeedIter2" name="test_admin_and_pending_exist" time="0.582" /><testcase classname="tests.test_iteration3.TestExtendedProRegistration" name="test_register_pro_with_extended_fields_and_appears_in_search" time="1.006" /><testcase classname="tests.test_iteration3.TestFoundingProPromo" name="test_seeded_founding_pro_amara_slot1" time="0.390" /><testcase classname="tests.test_iteration3.TestFoundingProPromo" name="test_new_pro_beyond_slot10_no_founding_promo" time="0.778" /><testcase classname="tests.test_iteration3.TestSubscriptions" name="test_get_subscriptions_me_catalog_shape_customer" time="0.369" /><testcase classname="tests.test_iteration3.TestSubscriptions" name="test_get_subscriptions_me_catalog_shape_pro" time="0.353" /><testcase classname="tests.test_iteration3.TestSubscriptions" name="test_subscribe_yearly_customer" time="0.445" /><testcase classname="tests.test_iteration3.TestSubscriptions" name="test_subscribe_unlimited_without_interval_400" time="0.371" /><testcase classname="tests.test_iteration3.TestSubscriptions" name="test_founding_pro_subscribe_returns_note" time="0.437" /><testcase classname="tests.test_iteration3.TestSubscriptions" name="test_subscribe_pro_yearly_price" time="0.513" /><testcase classname="tests.test_iteration3.TestOnboarding" name="test_onboarding_status_and_gating" time="0.968" /><testcase classname="tests.test_iteration3.TestCustomerRatings" name="test_only_hairdresser_can_rate" time="0.750" /><testcase classname="tests.test_iteration3.TestCustomerRatings" name="test_pro_can_rate_and_duplicate_rejected" time="0.874" /><testcase classname="tests.test_iteration3.TestCustomerRatings" name="test_rate_before_completed_400" time="0.353" /><testcase classname="tests.test_iteration3.TestCustomerRatings" name="test_flag_threshold_restricts_customer" time="2.639" /><testcase classname="tests.test_iteration3.TestAdminCustomerFlagsAuth" name="test_non_admin_gets_403" time="0.062" /><testcase classname="tests.test_iteration3.TestReports" name="test_report_success_and_self_report_rejected" time="0.418" /><testcase classname="tests.test_iteration3.TestFeaturedStylistCache" name="test_cached_same_pro_same_week" time="0.127" /><testcase classname="tests.test_iteration4.TestGoogleAuthContract" name="test_missing_session_id_returns_422" time="0.067" /><testcase classname="tests.test_iteration4.TestGoogleAuthContract" name="test_wrong_type_session_id_returns_422" time="0.064" /><testcase classname="tests.test_iteration4.TestGoogleAuthContract" name="test_invalid_session_id_returns_401_with_detail" time="0.603" /><testcase classname="tests.test_iteration4.TestGoogleAuthContract" name="test_empty_string_session_id_returns_401_or_422" time="0.239" /><testcase classname="tests.test_iteration4.TestLoginRegression" name="test_customer_login_still_works" time="0.289" /><testcase classname="tests.test_iteration4.TestLoginRegression" name="test_pro_login_still_works" time="0.294" /><testcase classname="tests.test_iteration4.TestLoginRegression" name="test_admin_login_still_works" time="0.285" /><testcase classname="tests.test_iteration4.TestLoginRegression" name="test_wrong_password_still_401" time="0.293" /><testcase classname="tests.test_iteration4.TestExistingEndpointsUnbroken" name="test_hairstyles_list_ok" time="0.077" /><testcase classname="tests.test_iteration4.TestExistingEndpointsUnbroken" name="test_search_ok" time="0.149" /><testcase classname="tests.test_iteration4.TestExistingEndpointsUnbroken" name="test_bookings_me_ok_for_customer" time="0.550" /><testcase classname="tests.test_iteration4.TestExistingEndpointsUnbroken" name="test_auth_me_returns_userout_shape" time="0.067" /><testcase classname="tests.test_iteration5.TestRegister" name="test_register_customer_sets_email_verified_false_and_terms" time="0.309" /><testcase classname="tests.test_iteration5.TestRegister" name="test_register_without_accept_terms_terms_none" time="0.297" /><testcase classname="tests.test_iteration5.TestRegister" name="test_register_pro_with_phone" time="0.301" /><testcase classname="tests.test_iteration5.TestSendVerification" name="test_send_returns_dev_code_when_resend_unset" time="0.357" /><testcase classname="tests.test_iteration5.TestSendVerification" name="test_cooldown_429_on_rapid_retry" time="0.457" /><testcase classname="tests.test_iteration5.TestVerifyEmail" name="test_wrong_code_400_incorrect" time="0.423" /><testcase classname="tests.test_iteration5.TestVerifyEmail" name="test_new_code_invalidates_old_code" time="0.594" /><testcase classname="tests.test_iteration5.TestVerifyEmail" name="test_max_5_wrong_attempts_consumes_code" time="0.802" /><testcase classname="tests.test_iteration5.TestVerifyEmail" name="test_correct_code_sets_email_verified_true" time="0.502" /><testcase classname="tests.test_iteration5.TestVerifyEmail" name="test_expired_code_400_expired" time="0.433" /><testcase classname="tests.test_iteration5.TestVerifyEmail" name="test_invalid_format_400" time="0.357" /><testcase classname="tests.test_iteration5.TestChangeEmail" name="test_change_email_invalidates_codes_and_resets_verified" time="0.590" /><testcase classname="tests.test_iteration5.TestProfileCompletion" name="test_customer_profile_stores_country_city" time="0.371" /><testcase classname="tests.test_iteration5.TestProfileCompletion" name="test_customer_profile_hairdresser_403" time="0.358" /><testcase classname="tests.test_iteration5.TestProfileCompletion" name="test_pro_basics_stores_and_updates_name" time="0.485" /><testcase classname="tests.test_iteration5.TestProfileCompletion" name="test_pro_basics_customer_403" time="0.365" /><testcase classname="tests.test_iteration5.TestSeededLoginRegression" name="test_sara_login_returns_email_verified_true" time="0.296" /><testcase classname="tests.test_iteration5.TestSeededLoginRegression" name="test_amara_login_ok" time="0.297" /><testcase classname="tests.test_iteration5.TestSeededLoginRegression" name="test_admin_login_ok" time="0.286" /><testcase classname="tests.test_iteration6.TestOnboarding" name="test_missing_availability_returns_400_with_hint" time="0.376" /><testcase classname="tests.test_iteration6.TestOnboarding" name="test_only_availability_unlocks_completion" time="0.508" /><testcase classname="tests.test_iteration6.TestOnboarding" name="test_status_reports_optional_fields" time="0.385" /><testcase classname="tests.test_iteration6.TestMediaConfig" name="test_media_config_public" time="0.077" /><testcase classname="tests.test_iteration6.TestMediaConfig" name="test_media_sign_503_when_unconfigured" time="0.356" /><testcase classname="tests.test_iteration6.TestMediaConfig" name="test_media_sign_requires_auth" time="0.071" /><testcase classname="tests.test_iteration6.TestMediaContract" name="test_portfolio_sign_rejects_customer" time="0.366" /><testcase classname="tests.test_iteration7.TestHairstyleEnrichment" name="test_list_returns_new_fields" time="0.074" /><testcase classname="tests.test_iteration7.TestHairstyleEnrichment" name="test_list_when_authenticated_does_not_500" time="0.402" /><testcase classname="tests.test_iteration7.TestHairstyleEnrichment" name="test_list_no_section_authenticated" time="0.475" /><testcase classname="tests.test_iteration7.TestHairstyleEnrichment" name="test_section_filter_returns_trending" time="0.126" /><testcase classname="tests.test_iteration7.TestHairstyleEnrichment" name="test_get_style_returns_similar" time="0.271" /><testcase classname="tests.test_iteration7.TestHairstyleEnrichment" name="test_multiple_sections_return_content" time="0.576" /><testcase classname="tests.test_iteration7.TestCollectionsAndSaves" name="test_default_collections_seeded_on_first_read" time="0.367" /><testcase classname="tests.test_iteration7.TestCollectionsAndSaves" name="test_save_toggles_and_incs_counter" time="0.683" /><testcase classname="tests.test_iteration7.TestCollectionsAndSaves" name="test_save_appears_in_my_saves" time="0.516" /><testcase classname="tests.test_iteration7.TestCollectionsAndSaves" name="test_create_and_delete_custom_collection" time="0.441" /><testcase classname="tests.test_iteration7.TestCollectionsAndSaves" name="test_default_collection_cannot_be_deleted" time="0.459" /><testcase classname="tests.test_iteration7.TestInspiration" name="test_add_list_delete" time="0.493" /><testcase classname="tests.test_iteration7.TestInspiration" name="test_add_requires_photo_url" time="0.357" /><testcase classname="tests.test_iteration8.TestCountryTrending" name="test_countries_list" time="0.064" /><testcase classname="tests.test_iteration8.TestCountryTrending" name="test_country_filter_returns_different_lists" time="0.144" /><testcase classname="tests.test_iteration8.TestCountryTrending" name="test_ww_returns_top_styles" time="0.074" /><testcase classname="tests.test_iteration8.TestCountryTrending" name="test_country_tags_present_on_seed" time="0.114" /><testcase classname="tests.test_iteration8.TestCountryTrending" name="test_hairstyles_filter_by_country_param" time="0.084" /><testcase classname="tests.test_iteration8.TestViewsAndContinueDreaming" name="test_new_user_gets_new_user_mode" time="0.371" /><testcase classname="tests.test_iteration8.TestViewsAndContinueDreaming" name="test_view_makes_returning_user" time="0.568" /><testcase classname="tests.test_iteration8.TestViewsAndContinueDreaming" name="test_save_prioritizes_over_view" time="0.591" /><testcase classname="tests.test_iteration8.TestViewsAndContinueDreaming" name="test_anonymous_view_returns_ok" time="0.132" /><testcase classname="tests.test_iteration9.TestPlansCatalog" name="test_catalog_shape" time="0.067" /><testcase classname="tests.test_iteration9.TestPlansCatalog" name="test_pricing" time="0.072" /><testcase classname="tests.test_iteration9.TestPlansCatalog" name="test_registered_user_defaults_to_free" time="0.375" /><testcase classname="tests.test_iteration9.TestSubscribeFlow" name="test_customer_unlimited_subscribe" time="0.430" /><testcase classname="tests.test_iteration9.TestSubscribeFlow" name="test_customer_cannot_subscribe_to_standard" time="0.360" /><testcase classname="tests.test_iteration9.TestSubscribeFlow" name="test_braider_standard_subscribe" time="0.446" /><testcase classname="tests.test_iteration9.TestSubscribeFlow" name="test_braider_unlimited_subscribe" time="0.467" /><testcase classname="tests.test_iteration9.TestSubscribeFlow" name="test_downgrade_to_free" time="0.500" /><testcase classname="tests.test_iteration9.TestBusinessScore" name="test_my_score_returns_full_breakdown" time="0.375" /><testcase classname="tests.test_iteration9.TestBusinessScore" name="test_public_score_hides_breakdown" time="0.364" /><testcase classname="tests.test_iteration9.TestBusinessScore" name="test_customer_cannot_access_business_score" time="0.352" /><testcase classname="tests.test_iteration9.TestAnalyticsGating" name="test_free_braider_denied_analytics" time="0.760" /><testcase classname="tests.test_iteration9.TestAnalyticsGating" name="test_standard_braider_gets_analytics" time="0.453" /><testcase classname="tests.test_iteration9.TestPortfolioCaps" name="test_sign_rejects_at_free_cap" time="1.178" /></testsuite></testsuites>