<?xml version="1.0" encoding="utf-8"?><testsuites name="pytest tests"><testsuite name="pytest" errors="0" failures="0" skipped="0" tests="13" time="3.630" timestamp="2026-07-12T00:39:37.416598+00:00" hostname="agent-env-1eb82a1d-e755-419a-9758-ce0d96cca86d"><testcase classname="test_iteration11_onboarding_trap" name="test_1_fresh_pro_onboarding_status_incomplete" time="0.698" /><testcase classname="test_iteration11_onboarding_trap" name="test_2_complete_before_availability_returns_400" time="0.195" /><testcase classname="test_iteration11_onboarding_trap" name="test_3_set_weekly_availability" time="0.102" /><testcase classname="test_iteration11_onboarding_trap" name="test_4_status_shows_availability_after_set" time="0.078" /><testcase classname="test_iteration11_onboarding_trap" name="test_5_onboarding_complete_success" time="0.082" /><testcase classname="test_iteration11_onboarding_trap" name="test_6_status_reflects_completion" time="0.083" /><testcase classname="test_iteration11_onboarding_trap" name="test_7_onboarding_complete_idempotent" time="0.088" /><testcase classname="test_iteration11_onboarding_trap" name="test_8_persistence_across_login" time="0.400" /><testcase classname="test_iteration11_onboarding_trap" name="test_9_regression_amara_completed" time="0.381" /><testcase classname="test_iteration11_onboarding_trap" name="test_10_regression_other_seeded_pros_completed[zara@braids.demo]" time="0.359" /><testcase classname="test_iteration11_onboarding_trap" name="test_10_regression_other_seeded_pros_completed[kenya@braids.demo]" time="0.366" /><testcase classname="test_iteration11_onboarding_trap" name="test_10_regression_other_seeded_pros_completed[simone@braids.demo]" time="0.366" /><testcase classname="test_iteration11_onboarding_trap" name="test_11_customer_cannot_complete_onboarding" time="0.397" /></testsuite></testsuites>