<?xml version="1.0" encoding="utf-8"?><testsuites name="pytest tests"><testsuite name="pytest" errors="0" failures="0" skipped="0" tests="19" time="3.834" timestamp="2026-07-12T01:54:28.812501+00:00" hostname="agent-env-1eb82a1d-e755-419a-9758-ce0d96cca86d"><testcase classname="backend.tests.test_iteration12_delete_fix" name="test_hard_delete_removes_row_from_list" time="1.080" /><testcase classname="backend.tests.test_iteration12_delete_fix" name="test_delete_nonexistent_returns_404" time="0.081" /><testcase classname="backend.tests.test_iteration12_delete_fix" name="test_delete_by_customer_returns_403" time="0.369" /><testcase classname="backend.tests.test_iteration12_delete_fix" name="test_delete_unauth_returns_401_or_403" time="0.079" /><testcase classname="backend.tests.test_iteration12_studio" name="test_1_get_me_returns_profile" time="0.364" /><testcase classname="backend.tests.test_iteration12_studio" name="test_2_studio_status_baseline" time="0.164" /><testcase classname="backend.tests.test_iteration12_studio" name="test_3_create_service" time="0.152" /><testcase classname="backend.tests.test_iteration12_studio" name="test_4_list_services_returns_new_fields" time="0.078" /><testcase classname="backend.tests.test_iteration12_studio" name="test_5_studio_status_after_service_create" time="0.071" /><testcase classname="backend.tests.test_iteration12_studio" name="test_6_toggle_service_active" time="0.149" /><testcase classname="backend.tests.test_iteration12_studio" name="test_7_public_studio_services" time="0.068" /><testcase classname="backend.tests.test_iteration12_studio" name="test_7b_public_studio_services_default_active_only" time="0.220" /><testcase classname="backend.tests.test_iteration12_studio" name="test_8_delete_service" time="0.214" /><testcase classname="backend.tests.test_iteration12_studio" name="test_9a_onboarding_status_regression" time="0.078" /><testcase classname="backend.tests.test_iteration12_studio" name="test_9b_onboarding_complete_idempotent" time="0.069" /><testcase classname="backend.tests.test_iteration12_studio" name="test_10_customer_forbidden_on_studio_status" time="0.355" /><testcase classname="backend.tests.test_iteration12_studio" name="test_10b_customer_forbidden_on_me" time="0.072" /><testcase classname="backend.tests.test_iteration12_studio" name="test_10c_unauth_forbidden_on_toggle" time="0.065" /><testcase classname="backend.tests.test_iteration12_studio" name="test_zz_cleanup" time="0.076" /></testsuite></testsuites>