<?xml version="1.0" encoding="utf-8"?><testsuites name="pytest tests"><testsuite name="pytest" errors="0" failures="0" skipped="0" tests="17" time="6.770" timestamp="2026-07-11T00:47:58.613097+00:00" hostname="agent-env-1eb82a1d-e755-419a-9758-ce0d96cca86d"><testcase classname="test_iteration5.TestRegister" name="test_register_customer_sets_email_verified_false_and_terms" time="0.369" /><testcase classname="test_iteration5.TestRegister" name="test_register_without_accept_terms_terms_none" time="0.305" /><testcase classname="test_iteration5.TestRegister" name="test_register_pro_with_phone" time="0.305" /><testcase classname="test_iteration5.TestSendVerification" name="test_send_returns_dev_code_when_sendgrid_unset" time="0.368" /><testcase classname="test_iteration5.TestSendVerification" name="test_cooldown_429_on_rapid_retry" time="0.446" /><testcase classname="test_iteration5.TestVerifyEmail" name="test_wrong_code_400_incorrect" time="0.446" /><testcase classname="test_iteration5.TestVerifyEmail" name="test_correct_code_sets_email_verified_true" time="0.505" /><testcase classname="test_iteration5.TestVerifyEmail" name="test_expired_code_400_expired" time="0.452" /><testcase classname="test_iteration5.TestVerifyEmail" name="test_invalid_format_400" time="0.370" /><testcase classname="test_iteration5.TestChangeEmail" name="test_change_email_invalidates_codes_and_resets_verified" time="0.649" /><testcase classname="test_iteration5.TestProfileCompletion" name="test_customer_profile_stores_country_city" time="0.363" /><testcase classname="test_iteration5.TestProfileCompletion" name="test_customer_profile_hairdresser_403" time="0.364" /><testcase classname="test_iteration5.TestProfileCompletion" name="test_pro_basics_stores_and_updates_name" time="0.466" /><testcase classname="test_iteration5.TestProfileCompletion" name="test_pro_basics_customer_403" time="0.357" /><testcase classname="test_iteration5.TestSeededLoginRegression" name="test_sara_login_returns_email_verified_true" time="0.294" /><testcase classname="test_iteration5.TestSeededLoginRegression" name="test_amara_login_ok" time="0.309" /><testcase classname="test_iteration5.TestSeededLoginRegression" name="test_admin_login_ok" time="0.302" /></testsuite></testsuites>