<?xml version="1.0" encoding="utf-8"?><testsuites name="pytest tests"><testsuite name="pytest" errors="0" failures="0" skipped="0" tests="25" time="10.511" timestamp="2026-07-09T23:09:36.177432+00:00" hostname="agent-env-1eb82a1d-e755-419a-9758-ce0d96cca86d"><testcase classname="test_iteration2.TestFeaturedStylist" name="test_returns_approved_unlimited" time="0.268" /><testcase classname="test_iteration2.TestFeaturedStylist" name="test_deterministic_rotation" time="0.156" /><testcase classname="test_iteration2.TestBookingCode" name="test_booking_returns_valid_code" time="1.020" /><testcase classname="test_iteration2.TestBookingCode" name="test_codes_unique_across_bookings" time="0.907" /><testcase classname="test_iteration2.TestBookingCode" name="test_checkin_by_code_success" time="0.362" /><testcase classname="test_iteration2.TestBookingCode" name="test_checkin_by_code_wrong_returns_404" time="0.096" /><testcase classname="test_iteration2.TestBookingCode" name="test_checkin_by_code_wrong_user_returns_403" time="0.678" /><testcase classname="test_iteration2.TestBookingCode" name="test_legacy_checkin_still_works" time="0.304" /><testcase classname="test_iteration2.TestBookingCode" name="test_bookings_me_includes_code" time="0.366" /><testcase classname="test_iteration2.TestVerification" name="test_submit_and_get_verification" time="0.444" /><testcase classname="test_iteration2.TestVerification" name="test_pending_pro_verification_overdue" time="0.393" /><testcase classname="test_iteration2.TestPendingProExclusion" name="test_pending_excluded_from_hairstyle_pros" time="0.984" /><testcase classname="test_iteration2.TestPendingProExclusion" name="test_pending_excluded_from_search" time="0.501" /><testcase classname="test_iteration2.TestPendingProExclusion" name="test_booking_against_pending_pro_returns_400" time="0.429" /><testcase classname="test_iteration2.TestAdmin" name="test_admin_list_verifications" time="0.365" /><testcase classname="test_iteration2.TestAdmin" name="test_admin_filter_by_status" time="0.432" /><testcase classname="test_iteration2.TestAdmin" name="test_admin_forbidden_for_non_admin" time="0.080" /><testcase classname="test_iteration2.TestAdmin" name="test_admin_decide_approve_and_reject" time="1.029" /><testcase classname="test_iteration2.TestPhonePrivacy" name="test_auth_me_returns_own_phone" time="0.366" /><testcase classname="test_iteration2.TestPhonePrivacy" name="test_hairdresser_detail_no_phone" time="0.083" /><testcase classname="test_iteration2.TestPhonePrivacy" name="test_search_results_no_phone" time="0.067" /><testcase classname="test_iteration2.TestPhonePrivacy" name="test_hairstyle_hairdressers_no_phone" time="0.140" /><testcase classname="test_iteration2.TestPhonePrivacy" name="test_booking_response_no_other_phone" time="0.307" /><testcase classname="test_iteration2.TestRegisterSchema" name="test_register_admin_role_rejected" time="0.079" /><testcase classname="test_iteration2.TestSeedIter2" name="test_admin_and_pending_exist" time="0.599" /></testsuite></testsuites>