<?xml version="1.0" encoding="utf-8"?><testsuites name="pytest tests"><testsuite name="pytest" errors="0" failures="0" skipped="0" tests="17" time="11.461" timestamp="2026-07-10T00:56:34.265546+00:00" hostname="agent-env-1eb82a1d-e755-419a-9758-ce0d96cca86d"><testcase classname="test_iteration3.TestExtendedProRegistration" name="test_register_pro_with_extended_fields_and_appears_in_search" time="1.124" /><testcase classname="test_iteration3.TestFoundingProPromo" name="test_seeded_founding_pro_amara_slot1" time="0.368" /><testcase classname="test_iteration3.TestFoundingProPromo" name="test_new_pro_beyond_slot10_no_founding_promo" time="0.805" /><testcase classname="test_iteration3.TestSubscriptions" name="test_get_subscriptions_me_pricing_shape_customer" time="0.358" /><testcase classname="test_iteration3.TestSubscriptions" name="test_get_subscriptions_me_pricing_pro" time="0.364" /><testcase classname="test_iteration3.TestSubscriptions" name="test_subscribe_yearly_customer" time="0.442" /><testcase classname="test_iteration3.TestSubscriptions" name="test_subscribe_unlimited_without_interval_400" time="0.359" /><testcase classname="test_iteration3.TestSubscriptions" name="test_founding_pro_subscribe_returns_note" time="0.431" /><testcase classname="test_iteration3.TestSubscriptions" name="test_subscribe_pro_yearly_price" time="0.447" /><testcase classname="test_iteration3.TestOnboarding" name="test_onboarding_status_and_gating" time="0.943" /><testcase classname="test_iteration3.TestCustomerRatings" name="test_only_hairdresser_can_rate" time="1.318" /><testcase classname="test_iteration3.TestCustomerRatings" name="test_pro_can_rate_and_duplicate_rejected" time="0.812" /><testcase classname="test_iteration3.TestCustomerRatings" name="test_rate_before_completed_400" time="0.354" /><testcase classname="test_iteration3.TestCustomerRatings" name="test_flag_threshold_restricts_customer" time="2.670" /><testcase classname="test_iteration3.TestAdminCustomerFlagsAuth" name="test_non_admin_gets_403" time="0.069" /><testcase classname="test_iteration3.TestReports" name="test_report_success_and_self_report_rejected" time="0.423" /><testcase classname="test_iteration3.TestFeaturedStylistCache" name="test_cached_same_pro_same_week" time="0.121" /></testsuite></testsuites>