<?xml version="1.0" encoding="utf-8"?><testsuites name="pytest tests"><testsuite name="pytest" errors="0" failures="1" skipped="0" tests="6" time="1.721" timestamp="2026-07-18T01:39:46.067269+00:00" hostname="agent-env-1eb82a1d-e755-419a-9758-ce0d96cca86d"><testcase classname="tests.test_iteration15_v1_ready.TestDeleteAccount" name="test_delete_me_then_me_returns_401" time="0.874" /><testcase classname="tests.test_iteration15_v1_ready.TestReportUser" name="test_report_success" time="0.388" /><testcase classname="tests.test_iteration15_v1_ready.TestReportUser" name="test_report_self_returns_400" time="0.091" /><testcase classname="tests.test_iteration15_v1_ready.TestBlockUser" name="test_block_and_unblock" time="0.190" /><testcase classname="tests.test_iteration15_v1_ready.TestBlockUser" name="test_block_self_returns_400" time="0.065" /><testcase classname="tests.test_iteration15_v1_ready.TestBookingCode" name="test_booking_code_shape" time="0.073"><failure message="KeyError: 0">tests/test_iteration15_v1_ready.py:90: in test_booking_code_shape
    hd = hds[0]
         ^^^^^^
E   KeyError: 0</failure></testcase></testsuite></testsuites>