<?xml version="1.0" encoding="utf-8"?><testsuites name="pytest tests"><testsuite name="pytest" errors="0" failures="1" skipped="0" tests="12" time="2.782" timestamp="2026-07-10T23:55:18.593859+00:00" hostname="agent-env-1eb82a1d-e755-419a-9758-ce0d96cca86d"><testcase classname="test_iteration4.TestGoogleAuthContract" name="test_missing_session_id_returns_422" time="0.198" /><testcase classname="test_iteration4.TestGoogleAuthContract" name="test_wrong_type_session_id_returns_422" time="0.083" /><testcase classname="test_iteration4.TestGoogleAuthContract" name="test_invalid_session_id_returns_401_with_detail" time="0.304" /><testcase classname="test_iteration4.TestGoogleAuthContract" name="test_empty_string_session_id_returns_401_or_422" time="0.244" /><testcase classname="test_iteration4.TestLoginRegression" name="test_customer_login_still_works" time="0.312" /><testcase classname="test_iteration4.TestLoginRegression" name="test_pro_login_still_works" time="0.298" /><testcase classname="test_iteration4.TestLoginRegression" name="test_admin_login_still_works" time="0.308" /><testcase classname="test_iteration4.TestLoginRegression" name="test_wrong_password_still_401" time="0.292" /><testcase classname="test_iteration4.TestExistingEndpointsUnbroken" name="test_hairstyles_list_ok" time="0.091" /><testcase classname="test_iteration4.TestExistingEndpointsUnbroken" name="test_search_ok" time="0.086"><failure message="assert False&#10; +  where False = isinstance({'results': [{'id': '9b09b668-c95c-4d67-bcee-05dfd669be7f', 'user_id': '9b09b668-c95c-4d67-bcee-05dfd669be7f', 'bio': '10+ years of braiding — box braids and knotless specialist.', 'salon_name': &quot;Nia's Studio&quot;, ...}, {'id': 'caa17dfe-567c-46e0-9b65-cb5684bc5310', 'user_id': 'caa17dfe-567c-46e0-9b65-cb5684bc5310', 'bio': 'Fulani + cornrow artist. Beads, cuffs, art on your scalp.', 'salon_name': 'Zara Braid Lounge', ...}, {'id': '90c00169-1e87-4361-824c-4d509af44319', 'user_id': '90c00169-1e87-4361-824c-4d509af44319', 'bio': 'Loctician &amp; natural hair expert. Retwists, styling, &amp; consults.', 'salon_name': 'Rooted Salon', ...}], 'gated': True}, list)&#10; +    where {'results': [{'id': '9b09b668-c95c-4d67-bcee-05dfd669be7f', 'user_id': '9b09b668-c95c-4d67-bcee-05dfd669be7f', 'bio': '10+ years of braiding — box braids and knotless specialist.', 'salon_name': &quot;Nia's Studio&quot;, ...}, {'id': 'caa17dfe-567c-46e0-9b65-cb5684bc5310', 'user_id': 'caa17dfe-567c-46e0-9b65-cb5684bc5310', 'bio': 'Fulani + cornrow artist. Beads, cuffs, art on your scalp.', 'salon_name': 'Zara Braid Lounge', ...}, {'id': '90c00169-1e87-4361-824c-4d509af44319', 'user_id': '90c00169-1e87-4361-824c-4d509af44319', 'bio': 'Loctician &amp; natural hair expert. Retwists, styling, &amp; consults.', 'salon_name': 'Rooted Salon', ...}], 'gated': True} = json()&#10; +      where json = &lt;Response [200]&gt;.json">test_iteration4.py:99: in test_search_ok
    assert isinstance(r.json(), list)
E   assert False
E    +  where False = isinstance({'results': [{'id': '9b09b668-c95c-4d67-bcee-05dfd669be7f', 'user_id': '9b09b668-c95c-4d67-bcee-05dfd669be7f', 'bio': '10+ years of braiding — box braids and knotless specialist.', 'salon_name': "Nia's Studio", ...}, {'id': 'caa17dfe-567c-46e0-9b65-cb5684bc5310', 'user_id': 'caa17dfe-567c-46e0-9b65-cb5684bc5310', 'bio': 'Fulani + cornrow artist. Beads, cuffs, art on your scalp.', 'salon_name': 'Zara Braid Lounge', ...}, {'id': '90c00169-1e87-4361-824c-4d509af44319', 'user_id': '90c00169-1e87-4361-824c-4d509af44319', 'bio': 'Loctician &amp; natural hair expert. Retwists, styling, &amp; consults.', 'salon_name': 'Rooted Salon', ...}], 'gated': True}, list)
E    +    where {'results': [{'id': '9b09b668-c95c-4d67-bcee-05dfd669be7f', 'user_id': '9b09b668-c95c-4d67-bcee-05dfd669be7f', 'bio': '10+ years of braiding — box braids and knotless specialist.', 'salon_name': "Nia's Studio", ...}, {'id': 'caa17dfe-567c-46e0-9b65-cb5684bc5310', 'user_id': 'caa17dfe-567c-46e0-9b65-cb5684bc5310', 'bio': 'Fulani + cornrow artist. Beads, cuffs, art on your scalp.', 'salon_name': 'Zara Braid Lounge', ...}, {'id': '90c00169-1e87-4361-824c-4d509af44319', 'user_id': '90c00169-1e87-4361-824c-4d509af44319', 'bio': 'Loctician &amp; natural hair expert. Retwists, styling, &amp; consults.', 'salon_name': 'Rooted Salon', ...}], 'gated': True} = json()
E    +      where json = &lt;Response [200]&gt;.json</failure></testcase><testcase classname="test_iteration4.TestExistingEndpointsUnbroken" name="test_bookings_me_ok_for_customer" time="0.436" /><testcase classname="test_iteration4.TestExistingEndpointsUnbroken" name="test_auth_me_returns_userout_shape" time="0.087" /></testsuite></testsuites>