<?xml version="1.0" encoding="utf-8"?><testsuites name="pytest tests"><testsuite name="pytest" errors="0" failures="0" skipped="0" tests="14" time="2.557" timestamp="2026-07-12T04:19:36.601359+00:00" hostname="agent-env-1eb82a1d-e755-419a-9758-ce0d96cca86d"><testcase classname="tests.test_iteration14_subscription.TestSubscriptionConfig" name="test_config_no_auth_required" time="0.128" /><testcase classname="tests.test_iteration14_subscription.TestCustomerSubscriptionMe" name="test_sara_snapshot" time="0.366" /><testcase classname="tests.test_iteration14_subscription.TestProSubscriptionMe" name="test_amara_snapshot" time="0.366" /><testcase classname="tests.test_iteration14_subscription.TestEntitlementCheck" name="test_customer_style_match_launch_override" time="0.071" /><testcase classname="tests.test_iteration14_subscription.TestMockPurchaseFlow" name="test_start_trial_standard" time="0.072" /><testcase classname="tests.test_iteration14_subscription.TestMockPurchaseFlow" name="test_me_shows_trial" time="0.070" /><testcase classname="tests.test_iteration14_subscription.TestMockPurchaseFlow" name="test_mock_cancel" time="0.066" /><testcase classname="tests.test_iteration14_subscription.TestMockPurchaseFlow" name="test_mock_restore" time="0.140" /><testcase classname="tests.test_iteration14_subscription.TestFoundingPro" name="test_status_as_amara" time="0.075" /><testcase classname="tests.test_iteration14_subscription.TestFoundingPro" name="test_apply_missing_availability" time="0.371" /><testcase classname="tests.test_iteration14_subscription.TestFoundingPro" name="test_apply_after_completing_setup" time="0.521" /><testcase classname="tests.test_iteration14_subscription.TestFoundingPro" name="test_customer_forbidden" time="0.068" /><testcase classname="tests.test_iteration14_subscription.TestNotificationPreferences" name="test_get_default_prefs" time="0.064" /><testcase classname="tests.test_iteration14_subscription.TestNotificationPreferences" name="test_put_then_get" time="0.135" /></testsuite></testsuites>