<?xml version="1.0" encoding="utf-8"?><testsuites name="pytest tests"><testsuite name="pytest" errors="0" failures="0" skipped="0" tests="85" time="34.539" timestamp="2026-07-10T23:57:05.088994+00:00" hostname="agent-env-1eb82a1d-e755-419a-9758-ce0d96cca86d"><testcase classname="test_braids_api.TestAuth" name="test_login_customer" time="0.449" /><testcase classname="test_braids_api.TestAuth" name="test_login_hairdresser" time="0.296" /><testcase classname="test_braids_api.TestAuth" name="test_login_invalid" time="0.424" /><testcase classname="test_braids_api.TestAuth" name="test_me" time="0.083" /><testcase classname="test_braids_api.TestAuth" name="test_me_no_token" time="0.070" /><testcase classname="test_braids_api.TestAuth" name="test_register_and_duplicate" time="0.364" /><testcase classname="test_braids_api.TestAuth" name="test_register_hairdresser_creates_profile" time="0.387" /><testcase classname="test_braids_api.TestAuth" name="test_plan_toggle" time="0.154" /><testcase classname="test_braids_api.TestHairstyles" name="test_list" time="0.063" /><testcase classname="test_braids_api.TestHairstyles" name="test_categories" time="0.072" /><testcase classname="test_braids_api.TestHairstyles" name="test_get_by_id" time="0.137" /><testcase classname="test_braids_api.TestHairstyles" name="test_get_by_id_404" time="0.067" /><testcase classname="test_braids_api.TestHairstyles" name="test_hairdressers_for_style_gated_standard" time="0.216" /><testcase classname="test_braids_api.TestHairstyles" name="test_hairdressers_for_style_unlimited" time="0.279" /><testcase classname="test_braids_api.TestHairdresserDetail" name="test_detail_standard_blurred" time="0.502" /><testcase classname="test_braids_api.TestHairdresserDetail" name="test_detail_404" time="0.077" /><testcase classname="test_braids_api.TestSearch" name="test_search_no_auth_gated" time="0.083" /><testcase classname="test_braids_api.TestSearch" name="test_search_with_category" time="0.072" /><testcase classname="test_braids_api.TestSearch" name="test_search_min_rating" time="0.106" /><testcase classname="test_braids_api.TestSearch" name="test_search_query" time="0.065" /><testcase classname="test_braids_api.TestSlots" name="test_slots_returns_hours" time="0.200" /><testcase classname="test_braids_api.TestBookingFlow" name="test_full_flow" time="1.094" /><testcase classname="test_braids_api.TestBookingFlow" name="test_cancel" time="0.305" /><testcase classname="test_braids_api.TestFavorites" name="test_favorites_flow" time="0.361" /><testcase classname="test_braids_api.TestPortfolio" name="test_get_portfolio_me" time="0.067" /><testcase classname="test_braids_api.TestPortfolio" name="test_add_and_delete" time="0.238" /><testcase classname="test_braids_api.TestPortfolio" name="test_standard_plan_cap" time="4.209" /><testcase classname="test_braids_api.TestAvailability" name="test_get_availability" time="0.079" /><testcase classname="test_braids_api.TestAvailability" name="test_put_availability" time="0.285" /><testcase classname="test_braids_api.TestNotifications" name="test_get_notifications" time="0.079" /><testcase classname="test_braids_api.TestSeed" name="test_seed_idempotent" time="0.065" /><testcase classname="test_iteration2.TestFeaturedStylist" name="test_returns_approved_unlimited" time="0.079" /><testcase classname="test_iteration2.TestFeaturedStylist" name="test_deterministic_rotation" time="0.147" /><testcase classname="test_iteration2.TestBookingCode" name="test_booking_returns_valid_code" time="0.358" /><testcase classname="test_iteration2.TestBookingCode" name="test_codes_unique_across_bookings" time="1.045" /><testcase classname="test_iteration2.TestBookingCode" name="test_checkin_by_code_success" time="0.481" /><testcase classname="test_iteration2.TestBookingCode" name="test_checkin_by_code_wrong_returns_404" time="0.075" /><testcase classname="test_iteration2.TestBookingCode" name="test_checkin_by_code_wrong_user_returns_403" time="0.716" /><testcase classname="test_iteration2.TestBookingCode" name="test_legacy_checkin_still_works" time="0.369" /><testcase classname="test_iteration2.TestBookingCode" name="test_bookings_me_includes_code" time="0.518" /><testcase classname="test_iteration2.TestVerification" name="test_submit_and_get_verification" time="0.454" /><testcase classname="test_iteration2.TestVerification" name="test_pending_pro_verification_overdue" time="0.413" /><testcase classname="test_iteration2.TestPendingProExclusion" name="test_pending_included_in_hairstyle_pros_iter3" time="0.922" /><testcase classname="test_iteration2.TestPendingProExclusion" name="test_pending_included_in_search_iter3" time="0.514" /><testcase classname="test_iteration2.TestPendingProExclusion" name="test_booking_against_pending_pro_now_allowed_iter3" time="0.565" /><testcase classname="test_iteration2.TestAdmin" name="test_admin_list_verifications" time="0.365" /><testcase classname="test_iteration2.TestAdmin" name="test_admin_filter_by_status" time="0.438" /><testcase classname="test_iteration2.TestAdmin" name="test_admin_forbidden_for_non_admin" time="0.061" /><testcase classname="test_iteration2.TestAdmin" name="test_admin_decide_approve_and_reject" time="1.037" /><testcase classname="test_iteration2.TestPhonePrivacy" name="test_auth_me_returns_own_phone" time="0.377" /><testcase classname="test_iteration2.TestPhonePrivacy" name="test_hairdresser_detail_no_phone" time="0.077" /><testcase classname="test_iteration2.TestPhonePrivacy" name="test_search_results_no_phone" time="0.101" /><testcase classname="test_iteration2.TestPhonePrivacy" name="test_hairstyle_hairdressers_no_phone" time="0.172" /><testcase classname="test_iteration2.TestPhonePrivacy" name="test_booking_response_no_other_phone" time="0.271" /><testcase classname="test_iteration2.TestRegisterSchema" name="test_register_admin_role_rejected" time="0.099" /><testcase classname="test_iteration2.TestSeedIter2" name="test_admin_and_pending_exist" time="0.611" /><testcase classname="test_iteration3.TestExtendedProRegistration" name="test_register_pro_with_extended_fields_and_appears_in_search" time="0.951" /><testcase classname="test_iteration3.TestFoundingProPromo" name="test_seeded_founding_pro_amara_slot1" time="0.363" /><testcase classname="test_iteration3.TestFoundingProPromo" name="test_new_pro_beyond_slot10_no_founding_promo" time="0.872" /><testcase classname="test_iteration3.TestSubscriptions" name="test_get_subscriptions_me_pricing_shape_customer" time="0.373" /><testcase classname="test_iteration3.TestSubscriptions" name="test_get_subscriptions_me_pricing_pro" time="0.361" /><testcase classname="test_iteration3.TestSubscriptions" name="test_subscribe_yearly_customer" time="0.426" /><testcase classname="test_iteration3.TestSubscriptions" name="test_subscribe_unlimited_without_interval_400" time="0.356" /><testcase classname="test_iteration3.TestSubscriptions" name="test_founding_pro_subscribe_returns_note" time="0.460" /><testcase classname="test_iteration3.TestSubscriptions" name="test_subscribe_pro_yearly_price" time="0.472" /><testcase classname="test_iteration3.TestOnboarding" name="test_onboarding_status_and_gating" time="0.852" /><testcase classname="test_iteration3.TestCustomerRatings" name="test_only_hairdresser_can_rate" time="0.677" /><testcase classname="test_iteration3.TestCustomerRatings" name="test_pro_can_rate_and_duplicate_rejected" time="0.817" /><testcase classname="test_iteration3.TestCustomerRatings" name="test_rate_before_completed_400" time="0.336" /><testcase classname="test_iteration3.TestCustomerRatings" name="test_flag_threshold_restricts_customer" time="2.787" /><testcase classname="test_iteration3.TestAdminCustomerFlagsAuth" name="test_non_admin_gets_403" time="0.082" /><testcase classname="test_iteration3.TestReports" name="test_report_success_and_self_report_rejected" time="0.438" /><testcase classname="test_iteration3.TestFeaturedStylistCache" name="test_cached_same_pro_same_week" time="0.131" /><testcase classname="test_iteration4.TestGoogleAuthContract" name="test_missing_session_id_returns_422" time="0.067" /><testcase classname="test_iteration4.TestGoogleAuthContract" name="test_wrong_type_session_id_returns_422" time="0.063" /><testcase classname="test_iteration4.TestGoogleAuthContract" name="test_invalid_session_id_returns_401_with_detail" time="0.273" /><testcase classname="test_iteration4.TestGoogleAuthContract" name="test_empty_string_session_id_returns_401_or_422" time="0.223" /><testcase classname="test_iteration4.TestLoginRegression" name="test_customer_login_still_works" time="0.287" /><testcase classname="test_iteration4.TestLoginRegression" name="test_pro_login_still_works" time="0.290" /><testcase classname="test_iteration4.TestLoginRegression" name="test_admin_login_still_works" time="0.288" /><testcase classname="test_iteration4.TestLoginRegression" name="test_wrong_password_still_401" time="0.286" /><testcase classname="test_iteration4.TestExistingEndpointsUnbroken" name="test_hairstyles_list_ok" time="0.065" /><testcase classname="test_iteration4.TestExistingEndpointsUnbroken" name="test_search_ok" time="0.086" /><testcase classname="test_iteration4.TestExistingEndpointsUnbroken" name="test_bookings_me_ok_for_customer" time="0.489" /><testcase classname="test_iteration4.TestExistingEndpointsUnbroken" name="test_auth_me_returns_userout_shape" time="0.067" /></testsuite></testsuites>