<?xml version="1.0" encoding="utf-8"?><testsuites name="pytest tests"><testsuite name="pytest" errors="0" failures="0" skipped="0" tests="170" time="67.653" timestamp="2026-07-12T00:39:46.765417+00:00" hostname="agent-env-1eb82a1d-e755-419a-9758-ce0d96cca86d"><testcase classname="test_braids_api.TestAuth" name="test_login_customer" time="0.320" /><testcase classname="test_braids_api.TestAuth" name="test_login_hairdresser" time="0.323" /><testcase classname="test_braids_api.TestAuth" name="test_login_invalid" time="0.303" /><testcase classname="test_braids_api.TestAuth" name="test_me" time="0.077" /><testcase classname="test_braids_api.TestAuth" name="test_me_no_token" time="0.087" /><testcase classname="test_braids_api.TestAuth" name="test_register_and_duplicate" time="0.389" /><testcase classname="test_braids_api.TestAuth" name="test_register_hairdresser_creates_profile" time="0.370" /><testcase classname="test_braids_api.TestAuth" name="test_plan_toggle" time="0.139" /><testcase classname="test_braids_api.TestHairstyles" name="test_list" time="0.075" /><testcase classname="test_braids_api.TestHairstyles" name="test_categories" time="0.079" /><testcase classname="test_braids_api.TestHairstyles" name="test_get_by_id" time="0.164" /><testcase classname="test_braids_api.TestHairstyles" name="test_get_by_id_404" time="0.067" /><testcase classname="test_braids_api.TestHairstyles" name="test_hairdressers_for_style_gated_standard" time="0.157" /><testcase classname="test_braids_api.TestHairstyles" name="test_hairdressers_for_style_unlimited" time="0.292" /><testcase classname="test_braids_api.TestHairdresserDetail" name="test_detail_standard_blurred" time="0.548" /><testcase classname="test_braids_api.TestHairdresserDetail" name="test_detail_404" time="0.072" /><testcase classname="test_braids_api.TestSearch" name="test_search_no_auth_gated" time="0.111" /><testcase classname="test_braids_api.TestSearch" name="test_search_with_category" time="0.072" /><testcase classname="test_braids_api.TestSearch" name="test_search_min_rating" time="0.067" /><testcase classname="test_braids_api.TestSearch" name="test_search_query" time="0.066" /><testcase classname="test_braids_api.TestSlots" name="test_slots_returns_hours" time="0.223" /><testcase classname="test_braids_api.TestBookingFlow" name="test_full_flow" time="1.197" /><testcase classname="test_braids_api.TestBookingFlow" name="test_cancel" time="0.294" /><testcase classname="test_braids_api.TestFavorites" name="test_favorites_flow" time="0.333" /><testcase classname="test_braids_api.TestPortfolio" name="test_get_portfolio_me" time="0.078" /><testcase classname="test_braids_api.TestPortfolio" name="test_add_and_delete" time="0.199" /><testcase classname="test_braids_api.TestPortfolio" name="test_standard_plan_cap" time="2.307" /><testcase classname="test_braids_api.TestAvailability" name="test_get_availability" time="0.092" /><testcase classname="test_braids_api.TestAvailability" name="test_put_availability" time="0.304" /><testcase classname="test_braids_api.TestNotifications" name="test_get_notifications" time="0.069" /><testcase classname="test_braids_api.TestSeed" name="test_seed_idempotent" time="0.070" /><testcase classname="test_iteration10.TestUngatedDiscovery" name="test_free_customer_sees_all_hairdressers" time="2.539" /><testcase classname="test_iteration10.TestUngatedDiscovery" name="test_compare_endpoint_ungated" time="0.468" /><testcase classname="test_iteration10.TestUngatedDiscovery" name="test_free_catalog_has_no_limits" time="0.064" /><testcase classname="test_iteration10.TestBusinessHealth" name="test_metrics_shape" time="0.357" /><testcase classname="test_iteration10.TestBusinessHealth" name="test_customer_blocked" time="0.359" /><testcase classname="test_iteration10.TestBraiderDNA" name="test_dna_shape_and_labels" time="0.364" /><testcase classname="test_iteration10.TestBraiderDNA" name="test_public_dna_endpoint" time="0.225" /><testcase classname="test_iteration10.TestAIWaitlist" name="test_join_and_list" time="0.543" /><testcase classname="test_iteration10.TestAIWaitlist" name="test_join_is_idempotent" time="0.513" /><testcase classname="test_iteration10.TestAIWaitlist" name="test_reject_unknown_module" time="0.352" /><testcase classname="test_iteration11_onboarding_trap" name="test_1_fresh_pro_onboarding_status_incomplete" time="0.370" /><testcase classname="test_iteration11_onboarding_trap" name="test_2_complete_before_availability_returns_400" time="0.081" /><testcase classname="test_iteration11_onboarding_trap" name="test_3_set_weekly_availability" time="0.069" /><testcase classname="test_iteration11_onboarding_trap" name="test_4_status_shows_availability_after_set" time="0.074" /><testcase classname="test_iteration11_onboarding_trap" name="test_5_onboarding_complete_success" time="0.073" /><testcase classname="test_iteration11_onboarding_trap" name="test_6_status_reflects_completion" time="0.069" /><testcase classname="test_iteration11_onboarding_trap" name="test_7_onboarding_complete_idempotent" time="0.072" /><testcase classname="test_iteration11_onboarding_trap" name="test_8_persistence_across_login" time="0.348" /><testcase classname="test_iteration11_onboarding_trap" name="test_9_regression_amara_completed" time="0.361" /><testcase classname="test_iteration11_onboarding_trap" name="test_10_regression_other_seeded_pros_completed[zara@braids.demo]" time="0.434" /><testcase classname="test_iteration11_onboarding_trap" name="test_10_regression_other_seeded_pros_completed[kenya@braids.demo]" time="0.372" /><testcase classname="test_iteration11_onboarding_trap" name="test_10_regression_other_seeded_pros_completed[simone@braids.demo]" time="0.384" /><testcase classname="test_iteration11_onboarding_trap" name="test_11_customer_cannot_complete_onboarding" time="0.348" /><testcase classname="test_iteration2.TestFeaturedStylist" name="test_returns_approved_unlimited" time="0.066" /><testcase classname="test_iteration2.TestFeaturedStylist" name="test_deterministic_rotation" time="0.158" /><testcase classname="test_iteration2.TestBookingCode" name="test_booking_returns_valid_code" time="0.302" /><testcase classname="test_iteration2.TestBookingCode" name="test_codes_unique_across_bookings" time="0.889" /><testcase classname="test_iteration2.TestBookingCode" name="test_checkin_by_code_success" time="0.391" /><testcase classname="test_iteration2.TestBookingCode" name="test_checkin_by_code_wrong_returns_404" time="0.068" /><testcase classname="test_iteration2.TestBookingCode" name="test_checkin_by_code_wrong_user_returns_403" time="0.654" /><testcase classname="test_iteration2.TestBookingCode" name="test_legacy_checkin_still_works" time="0.304" /><testcase classname="test_iteration2.TestBookingCode" name="test_bookings_me_includes_code" time="0.510" /><testcase classname="test_iteration2.TestVerification" name="test_submit_and_get_verification" time="0.458" /><testcase classname="test_iteration2.TestVerification" name="test_pending_pro_verification_overdue" time="0.410" /><testcase classname="test_iteration2.TestPendingProExclusion" name="test_pending_included_in_hairstyle_pros_iter3" time="3.879" /><testcase classname="test_iteration2.TestPendingProExclusion" name="test_pending_included_in_search_iter3" time="0.522" /><testcase classname="test_iteration2.TestPendingProExclusion" name="test_booking_against_pending_pro_now_allowed_iter3" time="0.621" /><testcase classname="test_iteration2.TestAdmin" name="test_admin_list_verifications" time="0.361" /><testcase classname="test_iteration2.TestAdmin" name="test_admin_filter_by_status" time="0.471" /><testcase classname="test_iteration2.TestAdmin" name="test_admin_forbidden_for_non_admin" time="0.066" /><testcase classname="test_iteration2.TestAdmin" name="test_admin_decide_approve_and_reject" time="1.011" /><testcase classname="test_iteration2.TestPhonePrivacy" name="test_auth_me_returns_own_phone" time="0.361" /><testcase classname="test_iteration2.TestPhonePrivacy" name="test_hairdresser_detail_no_phone" time="0.072" /><testcase classname="test_iteration2.TestPhonePrivacy" name="test_search_results_no_phone" time="0.131" /><testcase classname="test_iteration2.TestPhonePrivacy" name="test_hairstyle_hairdressers_no_phone" time="0.152" /><testcase classname="test_iteration2.TestPhonePrivacy" name="test_booking_response_no_other_phone" time="0.308" /><testcase classname="test_iteration2.TestRegisterSchema" name="test_register_admin_role_rejected" time="0.061" /><testcase classname="test_iteration2.TestSeedIter2" name="test_admin_and_pending_exist" time="0.583" /><testcase classname="test_iteration3.TestExtendedProRegistration" name="test_register_pro_with_extended_fields_and_appears_in_search" time="0.921" /><testcase classname="test_iteration3.TestFoundingProPromo" name="test_seeded_founding_pro_amara_slot1" time="0.398" /><testcase classname="test_iteration3.TestFoundingProPromo" name="test_new_pro_beyond_slot10_no_founding_promo" time="0.782" /><testcase classname="test_iteration3.TestSubscriptions" name="test_get_subscriptions_me_catalog_shape_customer" time="0.371" /><testcase classname="test_iteration3.TestSubscriptions" name="test_get_subscriptions_me_catalog_shape_pro" time="0.368" /><testcase classname="test_iteration3.TestSubscriptions" name="test_subscribe_yearly_customer" time="0.440" /><testcase classname="test_iteration3.TestSubscriptions" name="test_subscribe_unlimited_without_interval_400" time="0.358" /><testcase classname="test_iteration3.TestSubscriptions" name="test_founding_pro_subscribe_returns_note" time="0.442" /><testcase classname="test_iteration3.TestSubscriptions" name="test_subscribe_pro_yearly_price" time="0.486" /><testcase classname="test_iteration3.TestOnboarding" name="test_onboarding_status_and_gating" time="0.889" /><testcase classname="test_iteration3.TestCustomerRatings" name="test_only_hairdresser_can_rate" time="0.736" /><testcase classname="test_iteration3.TestCustomerRatings" name="test_pro_can_rate_and_duplicate_rejected" time="0.776" /><testcase classname="test_iteration3.TestCustomerRatings" name="test_rate_before_completed_400" time="0.355" /><testcase classname="test_iteration3.TestCustomerRatings" name="test_flag_threshold_restricts_customer" time="2.688" /><testcase classname="test_iteration3.TestAdminCustomerFlagsAuth" name="test_non_admin_gets_403" time="0.060" /><testcase classname="test_iteration3.TestReports" name="test_report_success_and_self_report_rejected" time="0.417" /><testcase classname="test_iteration3.TestFeaturedStylistCache" name="test_cached_same_pro_same_week" time="0.151" /><testcase classname="test_iteration4.TestGoogleAuthContract" name="test_missing_session_id_returns_422" time="0.065" /><testcase classname="test_iteration4.TestGoogleAuthContract" name="test_wrong_type_session_id_returns_422" time="0.068" /><testcase classname="test_iteration4.TestGoogleAuthContract" name="test_invalid_session_id_returns_401_with_detail" time="0.299" /><testcase classname="test_iteration4.TestGoogleAuthContract" name="test_empty_string_session_id_returns_401_or_422" time="0.258" /><testcase classname="test_iteration4.TestLoginRegression" name="test_customer_login_still_works" time="0.293" /><testcase classname="test_iteration4.TestLoginRegression" name="test_pro_login_still_works" time="0.314" /><testcase classname="test_iteration4.TestLoginRegression" name="test_admin_login_still_works" time="0.291" /><testcase classname="test_iteration4.TestLoginRegression" name="test_wrong_password_still_401" time="0.295" /><testcase classname="test_iteration4.TestExistingEndpointsUnbroken" name="test_hairstyles_list_ok" time="0.074" /><testcase classname="test_iteration4.TestExistingEndpointsUnbroken" name="test_search_ok" time="0.109" /><testcase classname="test_iteration4.TestExistingEndpointsUnbroken" name="test_bookings_me_ok_for_customer" time="0.466" /><testcase classname="test_iteration4.TestExistingEndpointsUnbroken" name="test_auth_me_returns_userout_shape" time="0.079" /><testcase classname="test_iteration5.TestRegister" name="test_register_customer_sets_email_verified_false_and_terms" time="0.296" /><testcase classname="test_iteration5.TestRegister" name="test_register_without_accept_terms_terms_none" time="0.296" /><testcase classname="test_iteration5.TestRegister" name="test_register_pro_with_phone" time="0.300" /><testcase classname="test_iteration5.TestSendVerification" name="test_send_returns_dev_code_when_resend_unset" time="0.391" /><testcase classname="test_iteration5.TestSendVerification" name="test_cooldown_429_on_rapid_retry" time="0.421" /><testcase classname="test_iteration5.TestVerifyEmail" name="test_wrong_code_400_incorrect" time="0.430" /><testcase classname="test_iteration5.TestVerifyEmail" name="test_new_code_invalidates_old_code" time="0.591" /><testcase classname="test_iteration5.TestVerifyEmail" name="test_max_5_wrong_attempts_consumes_code" time="0.887" /><testcase classname="test_iteration5.TestVerifyEmail" name="test_correct_code_sets_email_verified_true" time="0.514" /><testcase classname="test_iteration5.TestVerifyEmail" name="test_expired_code_400_expired" time="0.450" /><testcase classname="test_iteration5.TestVerifyEmail" name="test_invalid_format_400" time="0.370" /><testcase classname="test_iteration5.TestChangeEmail" name="test_change_email_invalidates_codes_and_resets_verified" time="0.585" /><testcase classname="test_iteration5.TestProfileCompletion" name="test_customer_profile_stores_country_city" time="0.365" /><testcase classname="test_iteration5.TestProfileCompletion" name="test_customer_profile_hairdresser_403" time="0.373" /><testcase classname="test_iteration5.TestProfileCompletion" name="test_pro_basics_stores_and_updates_name" time="0.449" /><testcase classname="test_iteration5.TestProfileCompletion" name="test_pro_basics_customer_403" time="0.377" /><testcase classname="test_iteration5.TestSeededLoginRegression" name="test_sara_login_returns_email_verified_true" time="0.404" /><testcase classname="test_iteration5.TestSeededLoginRegression" name="test_amara_login_ok" time="0.289" /><testcase classname="test_iteration5.TestSeededLoginRegression" name="test_admin_login_ok" time="0.301" /><testcase classname="test_iteration6.TestOnboarding" name="test_missing_availability_returns_400_with_hint" time="0.518" /><testcase classname="test_iteration6.TestOnboarding" name="test_only_availability_unlocks_completion" time="0.522" /><testcase classname="test_iteration6.TestOnboarding" name="test_status_reports_optional_fields" time="0.369" /><testcase classname="test_iteration6.TestMediaConfig" name="test_media_config_public" time="0.069" /><testcase classname="test_iteration6.TestMediaConfig" name="test_media_sign_503_when_unconfigured" time="0.369" /><testcase classname="test_iteration6.TestMediaConfig" name="test_media_sign_requires_auth" time="0.086" /><testcase classname="test_iteration6.TestMediaContract" name="test_portfolio_sign_rejects_customer" time="0.364" /><testcase classname="test_iteration7.TestHairstyleEnrichment" name="test_list_returns_new_fields" time="0.069" /><testcase classname="test_iteration7.TestHairstyleEnrichment" name="test_list_when_authenticated_does_not_500" time="0.375" /><testcase classname="test_iteration7.TestHairstyleEnrichment" name="test_list_no_section_authenticated" time="0.365" /><testcase classname="test_iteration7.TestHairstyleEnrichment" name="test_section_filter_returns_trending" time="0.078" /><testcase classname="test_iteration7.TestHairstyleEnrichment" name="test_get_style_returns_similar" time="0.138" /><testcase classname="test_iteration7.TestHairstyleEnrichment" name="test_multiple_sections_return_content" time="0.602" /><testcase classname="test_iteration7.TestCollectionsAndSaves" name="test_default_collections_seeded_on_first_read" time="0.367" /><testcase classname="test_iteration7.TestCollectionsAndSaves" name="test_save_toggles_and_incs_counter" time="0.652" /><testcase classname="test_iteration7.TestCollectionsAndSaves" name="test_save_appears_in_my_saves" time="0.514" /><testcase classname="test_iteration7.TestCollectionsAndSaves" name="test_create_and_delete_custom_collection" time="0.465" /><testcase classname="test_iteration7.TestCollectionsAndSaves" name="test_default_collection_cannot_be_deleted" time="0.442" /><testcase classname="test_iteration7.TestInspiration" name="test_add_list_delete" time="0.529" /><testcase classname="test_iteration7.TestInspiration" name="test_add_requires_photo_url" time="0.376" /><testcase classname="test_iteration8.TestCountryTrending" name="test_countries_list" time="0.075" /><testcase classname="test_iteration8.TestCountryTrending" name="test_country_filter_returns_different_lists" time="0.148" /><testcase classname="test_iteration8.TestCountryTrending" name="test_ww_returns_top_styles" time="0.084" /><testcase classname="test_iteration8.TestCountryTrending" name="test_country_tags_present_on_seed" time="0.087" /><testcase classname="test_iteration8.TestCountryTrending" name="test_hairstyles_filter_by_country_param" time="0.068" /><testcase classname="test_iteration8.TestViewsAndContinueDreaming" name="test_new_user_gets_new_user_mode" time="0.410" /><testcase classname="test_iteration8.TestViewsAndContinueDreaming" name="test_view_makes_returning_user" time="0.501" /><testcase classname="test_iteration8.TestViewsAndContinueDreaming" name="test_save_prioritizes_over_view" time="0.618" /><testcase classname="test_iteration8.TestViewsAndContinueDreaming" name="test_anonymous_view_returns_ok" time="0.129" /><testcase classname="test_iteration9.TestPlansCatalog" name="test_catalog_shape" time="0.069" /><testcase classname="test_iteration9.TestPlansCatalog" name="test_pricing" time="0.064" /><testcase classname="test_iteration9.TestPlansCatalog" name="test_registered_user_defaults_to_free" time="0.363" /><testcase classname="test_iteration9.TestSubscribeFlow" name="test_customer_unlimited_subscribe" time="0.429" /><testcase classname="test_iteration9.TestSubscribeFlow" name="test_customer_cannot_subscribe_to_standard" time="0.396" /><testcase classname="test_iteration9.TestSubscribeFlow" name="test_braider_standard_subscribe" time="0.515" /><testcase classname="test_iteration9.TestSubscribeFlow" name="test_braider_unlimited_subscribe" time="0.453" /><testcase classname="test_iteration9.TestSubscribeFlow" name="test_downgrade_to_free" time="0.520" /><testcase classname="test_iteration9.TestBusinessScore" name="test_my_score_returns_full_breakdown" time="0.369" /><testcase classname="test_iteration9.TestBusinessScore" name="test_public_score_hides_breakdown" time="0.360" /><testcase classname="test_iteration9.TestBusinessScore" name="test_customer_cannot_access_business_score" time="0.365" /><testcase classname="test_iteration9.TestAnalyticsGating" name="test_free_braider_denied_analytics" time="0.542" /><testcase classname="test_iteration9.TestAnalyticsGating" name="test_standard_braider_gets_analytics" time="0.452" /><testcase classname="test_iteration9.TestPortfolioCaps" name="test_sign_rejects_at_free_cap" time="1.243" /></testsuite></testsuites>